<?xml version="1.0" encoding="UTF-8"?>
<!-- Generated by org.testng.reporters.JUnitReportReporter -->
<testsuite hostname="LTIN187874" failures="0" tests="17" name="TestCases.TestCase1" time="27.251" errors="0" timestamp="2024-03-10T13:00:52 IST" skipped="0">
  <testcase classname="TestCases.TestCase1" name="ZigWheelsHome" time="2.065"/>
  <system-out/>
  <testcase classname="TestCases.TestCase1" name="ZigWheelsUpcoming" time="1.620"/>
  <system-out/>
  <testcase classname="TestCases.TestCase1" name="ZigWheelsNewBikes" time="3.331"/>
  <system-out/>
  <testcase classname="TestCases.TestCase1" name="ZigWheelsReadMore" time="1.129"/>
  <system-out/>
  <testcase classname="TestCases.TestCase1" name="ZigWheelsScrollDown1" time="0.077"/>
  <system-out/>
  <testcase classname="TestCases.TestCase1" name="ZigWheelsLessThan4Lakhs" time="4.060"/>
  <system-out/>
  <testcase classname="TestCases.TestCase1" name="ZigWheels" time="4.086"/>
  <system-out/>
  <testcase classname="TestCases.TestCase1" name="ZigWheelsUsedCars" time="0.613"/>
  <system-out/>
  <testcase classname="TestCases.TestCase1" name="ZigWheelsChennai" time="4.439"/>
  <system-out/>
  <testcase classname="TestCases.TestCase1" name="ZigWheelsScrollDown" time="0.393"/>
  <system-out/>
  <testcase classname="TestCases.TestCase1" name="ZigWheelsLogin" time="1.946"/>
  <system-out/>
  <testcase classname="TestCases.TestCase1" name="ZigWheelsClickOnLogin" time="1.621"/>
  <system-out/>
  <testcase classname="TestCases.TestCase1" name="ZigWheelsClickOnGoogle" time="0.442"/>
  <system-out/>
  <testcase classname="TestCases.TestCase1" name="ZigWheelsHandleWindow" time="0.032"/>
  <system-out/>
  <testcase classname="TestCases.TestCase1" name="ZigWheelssetEmail" time="0.500"/>
  <system-out/>
  <testcase classname="TestCases.TestCase1" name="ZigWheelsClickNext" time="0.833"/>
  <system-out/>
  <testcase classname="TestCases.TestCase1" name="ZigWheelsCapturerror" time="0.064"/>
  <system-out/>
</testsuite> <!-- TestCases.TestCase1 -->
